Using pre-set license
Built from '2020.3/staging' branch; Version is '2020.3.48f1 (b805b124c6b7) revision 12060081'; Using compiler version '192528614'; Build Type 'Release'
OS: 'Windows 11  (10.0.22631) 64bit CoreSingleLanguage' Language: 'en' Physical Memory: 16223 MB
BatchMode: 1, IsHumanControllingUs: 0, StartBugReporterOnCrash: 0, Is64bit: 1, IsPro: 0

COMMAND LINE ARGUMENTS:
C:\Program Files\Unity\Hub\Editor\2020.3.48f1\Editor\Unity.exe
-adb2
-batchMode
-noUpm
-name
AssetImportWorker0
-projectPath
D:/Unity Projects/Street_Racing_3D_Unity
-logFile
Logs/AssetImportWorker0.log
-srvPort
54424
Successfully changed project path to: D:/Unity Projects/Street_Racing_3D_Unity
D:/Unity Projects/Street_Racing_3D_Unity
Using Asset Import Pipeline V2.
Player connection [21696] Host "[IP] 192.168.2.14 [Port] 3221442720 [Flags] 2 [Guid] 1202697226 [EditorId] 1202697226 [Version] 1048832 [Id] WindowsEditor(7,Amaan_MSI) [Debug] 1 [PackageName] WindowsEditor [ProjectName] Editor" joined multi-casting on [225.0.0.222:54997]...

Player connection [21696] Host "[IP] 192.168.2.14 [Port] 3221442720 [Flags] 2 [Guid] 1202697226 [EditorId] 1202697226 [Version] 1048832 [Id] WindowsEditor(7,Amaan_MSI) [Debug] 1 [PackageName] WindowsEditor [ProjectName] Editor" joined alternative multi-casting on [225.0.0.222:34997]...

Refreshing native plugins compatible for Editor in 51.83 ms, found 3 plugins.
Preloading 0 native plugins for Editor in 0.00 ms.
Initialize engine version: 2020.3.48f1 (b805b124c6b7)
[Subsystems] Discovering subsystems at path C:/Program Files/Unity/Hub/Editor/2020.3.48f1/Editor/Data/Resources/UnitySubsystems
[Subsystems] Discovering subsystems at path D:/Unity Projects/Street_Racing_3D_Unity/Assets
GfxDevice: creating device client; threaded=0
Direct3D:
    Version:  Direct3D 11.0 [level 11.1]
    Renderer: NVIDIA GeForce RTX 2060 (ID=0x1f15)
    Vendor:   
    VRAM:     5969 MB
    Driver:   31.0.15.4665
Initialize mono
Mono path[0] = 'C:/Program Files/Unity/Hub/Editor/2020.3.48f1/Editor/Data/Managed'
Mono path[1] = 'C:/Program Files/Unity/Hub/Editor/2020.3.48f1/Editor/Data/MonoBleedingEdge/lib/mono/unityjit'
Mono config path = 'C:/Program Files/Unity/Hub/Editor/2020.3.48f1/Editor/Data/MonoBleedingEdge/etc'
Using monoOptions --debugger-agent=transport=dt_socket,embedding=1,server=y,suspend=n,address=127.0.0.1:56172
Begin MonoManager ReloadAssembly
Registering precompiled unity dll's ...
Register platform support module: C:/Program Files/Unity/Hub/Editor/2020.3.48f1/Editor/Data/PlaybackEngines/WebGLSupport/UnityEditor.WebGL.Extensions.dll
Register platform support module: C:/Program Files/Unity/Hub/Editor/2020.3.48f1/Editor/Data/PlaybackEngines/WindowsStandaloneSupport/UnityEditor.WindowsStandalone.Extensions.dll
Registered in 0.002732 seconds.
Native extension for WindowsStandalone target not found
Native extension for WebGL target not found
Refreshing native plugins compatible for Editor in 64.23 ms, found 3 plugins.
Preloading 0 native plugins for Editor in 0.00 ms.
Mono: successfully reloaded assembly
- Completed reload, in  0.664 seconds
Domain Reload Profiling:
	ReloadAssembly (664ms)
		BeginReloadAssembly (58ms)
			ExecutionOrderSort (0ms)
			DisableScriptedObjects (0ms)
			BackupInstance (0ms)
			ReleaseScriptingObjects (0ms)
			CreateAndSetChildDomain (1ms)
		EndReloadAssembly (530ms)
			LoadAssemblies (58ms)
			RebuildTransferFunctionScriptingTraits (0ms)
			SetupTypeCache (166ms)
			ReleaseScriptCaches (0ms)
			RebuildScriptCaches (37ms)
			SetupLoadedEditorAssemblies (217ms)
				LogAssemblyErrors (0ms)
				InitializePlatformSupportModulesInManaged (5ms)
				SetLoadedEditorAssemblies (0ms)
				RefreshPlugins (64ms)
				BeforeProcessingInitializeOnLoad (14ms)
				ProcessInitializeOnLoadAttributes (97ms)
				ProcessInitializeOnLoadMethodAttributes (36ms)
				AfterProcessingInitializeOnLoad (0ms)
				EditorAssembliesLoaded (0ms)
			ExecutionOrderSort2 (0ms)
			AwakeInstancesAfterBackupRestoration (0ms)
Platform modules already initialized, skipping
Registering precompiled user dll's ...
Registered in 0.002806 seconds.
Begin MonoManager ReloadAssembly
Native extension for WindowsStandalone target not found
Native extension for WebGL target not found
Refreshing native plugins compatible for Editor in 58.54 ms, found 3 plugins.
Preloading 0 native plugins for Editor in 0.00 ms.
Mono: successfully reloaded assembly
- Completed reload, in  1.239 seconds
Domain Reload Profiling:
	ReloadAssembly (1240ms)
		BeginReloadAssembly (147ms)
			ExecutionOrderSort (0ms)
			DisableScriptedObjects (6ms)
			BackupInstance (0ms)
			ReleaseScriptingObjects (0ms)
			CreateAndSetChildDomain (19ms)
		EndReloadAssembly (1033ms)
			LoadAssemblies (95ms)
			RebuildTransferFunctionScriptingTraits (0ms)
			SetupTypeCache (342ms)
			ReleaseScriptCaches (1ms)
			RebuildScriptCaches (50ms)
			SetupLoadedEditorAssemblies (432ms)
				LogAssemblyErrors (0ms)
				InitializePlatformSupportModulesInManaged (4ms)
				SetLoadedEditorAssemblies (0ms)
				RefreshPlugins (59ms)
				BeforeProcessingInitializeOnLoad (79ms)
				ProcessInitializeOnLoadAttributes (276ms)
				ProcessInitializeOnLoadMethodAttributes (9ms)
				AfterProcessingInitializeOnLoad (5ms)
				EditorAssembliesLoaded (0ms)
			ExecutionOrderSort2 (0ms)
			AwakeInstancesAfterBackupRestoration (2ms)
Platform modules already initialized, skipping
========================================================================
Worker process is ready to serve import requests
Launched and connected shader compiler UnityShaderCompiler.exe after 0.06 seconds
Refreshing native plugins compatible for Editor in 0.57 ms, found 3 plugins.
Preloading 0 native plugins for Editor in 0.00 ms.
Unloading 2932 Unused Serialized files (Serialized files now loaded: 0)
System memory in use before: 132.4 MB.
System memory in use after: 132.6 MB.

Unloading 21 unused Assets to reduce memory usage. Loaded Objects now: 3363.
Total: 3.984500 ms (FindLiveObjects: 0.277900 ms CreateObjectMapping: 0.150100 ms MarkObjects: 3.447300 ms  DeleteObjects: 0.107900 ms)

AssetImportParameters requested are different than current active one (requested -> active):
  custom:framework-win-MediaFoundation: 216162199b28c13a410421893ffa2e32 -> 
  custom:video-decoder-ogg-theora: a1e56fd34408186e4bbccfd4996cb3dc -> 
  custom:container-muxer-webm: aa71ff27fc2769a1b78a27578f13a17b -> 
  custom:container-demuxer-webm: 4f35f7cbe854078d1ac9338744f61a02 -> 
  custom:container-demuxer-ogg: 62fdf1f143b41e24485cea50d1cbac27 -> 
  custom:video-encoder-webm-vp8: eb34c28f22e8b96e1ab97ce403110664 -> 
  custom:video-codec-MediaFoundation-h265: 746d11721c4dcdbdad8f713fa42b33f4 -> 
  custom:video-decoder-webm-vp8: 9c59270c3fd7afecdb556c50c9e8de78 -> 
  custom:audio-decoder-ogg-vorbis: bf7c407c2cedff20999df2af8eb42d56 -> 
  custom:audio-encoder-webm-vorbis: bf7c407c2cedff20999df2af8eb42d56 -> 
========================================================================
Received Import Request.
  path: Assets/Material/Skidmark.mat
  artifactKey: Guid(96d332326efba1045b357722b0aed7b9) Importer(815301076,1909f56bfc062723c751e8b465ee728b)
Start importing Assets/Material/Skidmark.mat using Guid(96d332326efba1045b357722b0aed7b9) Importer(815301076,1909f56bfc062723c751e8b465ee728b)  -> (artifact id: 'e95e7b73c1e40c52e0159ab53bcdb1ac') in 0.450876 seconds 
========================================================================
Received Import Request.
  Time since last request: 0.000354 seconds.
  path: Assets/Material/Bounce.physicMaterial
  artifactKey: Guid(369f3366ea61c1d4c94360ff68cfccf9) Importer(815301076,1909f56bfc062723c751e8b465ee728b)
Start importing Assets/Material/Bounce.physicMaterial using Guid(369f3366ea61c1d4c94360ff68cfccf9) Importer(815301076,1909f56bfc062723c751e8b465ee728b)  -> (artifact id: '48d78f709caa79ebd3b498d3231aa7e2') in 0.012442 seconds 
========================================================================
Received Import Request.
  Time since last request: 0.000624 seconds.
  path: Assets/Material/MinimapMaterial.mat
  artifactKey: Guid(c23860e9013dcc742887b3c692459e71) Importer(815301076,1909f56bfc062723c751e8b465ee728b)
Start importing Assets/Material/MinimapMaterial.mat using Guid(c23860e9013dcc742887b3c692459e71) Importer(815301076,1909f56bfc062723c751e8b465ee728b)  -> (artifact id: 'a7b84cb93fab763d758508ed66d83978') in 0.041659 seconds 
========================================================================
Received Import Request.
  Time since last request: 0.000320 seconds.
  path: Assets/Material/Black.mat
  artifactKey: Guid(60a76236d030a8840be5c3fd228428ce) Importer(815301076,1909f56bfc062723c751e8b465ee728b)
Start importing Assets/Material/Black.mat using Guid(60a76236d030a8840be5c3fd228428ce) Importer(815301076,1909f56bfc062723c751e8b465ee728b)  -> (artifact id: '67634500916fed6b35c65debb26c7cf3') in 0.361549 seconds 
========================================================================
Received Import Request.
  Time since last request: 0.000384 seconds.
  path: Assets/Material/Red.mat
  artifactKey: Guid(a980a86848b691247a45e5d69ec3c49e) Importer(815301076,1909f56bfc062723c751e8b465ee728b)
Start importing Assets/Material/Red.mat using Guid(a980a86848b691247a45e5d69ec3c49e) Importer(815301076,1909f56bfc062723c751e8b465ee728b)  -> (artifact id: '8e5d6018415e65939fa14a9ee53d80b4') in 0.017770 seconds 
========================================================================
Received Import Request.
  Time since last request: 0.000382 seconds.
  path: Assets/Material/White.mat
  artifactKey: Guid(22c924a9b14b68c4eb647d740e2bd860) Importer(815301076,1909f56bfc062723c751e8b465ee728b)
Start importing Assets/Material/White.mat using Guid(22c924a9b14b68c4eb647d740e2bd860) Importer(815301076,1909f56bfc062723c751e8b465ee728b)  -> (artifact id: '2565445e601ad0c2d525066b7a91da8b') in 0.020309 seconds 
========================================================================
Received Import Request.
  Time since last request: 3.016211 seconds.
  path: Assets/Scenes/Game Scene.unity
  artifactKey: Guid(8d68a8c139112ee4387ec230ac89a4a2) Importer(815301076,1909f56bfc062723c751e8b465ee728b)
Start importing Assets/Scenes/Game Scene.unity using Guid(8d68a8c139112ee4387ec230ac89a4a2) Importer(815301076,1909f56bfc062723c751e8b465ee728b)  -> (artifact id: '9f2310518c47082c475bfe1105cd843d') in 0.006140 seconds 
========================================================================
Received Import Request.
  Time since last request: 10.564640 seconds.
  path: Assets/Scenes/Render Pipeline
  artifactKey: Guid(c03b98a8f49cb8341949a3d5f1982a6b) Importer(815301076,1909f56bfc062723c751e8b465ee728b)
Start importing Assets/Scenes/Render Pipeline using Guid(c03b98a8f49cb8341949a3d5f1982a6b) Importer(815301076,1909f56bfc062723c751e8b465ee728b)  -> (artifact id: '42ce257cbfb8fb6056f58df5e525e2b7') in 0.009125 seconds 
========================================================================
Received Import Request.
  Time since last request: 1.445172 seconds.
  path: Assets/Scenes/Materials
  artifactKey: Guid(a701ec118f22d304eb990887be6b1a7e) Importer(815301076,1909f56bfc062723c751e8b465ee728b)
Start importing Assets/Scenes/Materials using Guid(a701ec118f22d304eb990887be6b1a7e) Importer(815301076,1909f56bfc062723c751e8b465ee728b)  -> (artifact id: '9446bfd364313b8302e09db5b4c36397') in 0.011683 seconds 
========================================================================
Received Import Request.
  Time since last request: 0.095368 seconds.
  path: Assets/Scenes/Materials/Grass.mat
  artifactKey: Guid(d069dd4398675764291f9c82e7286e14) Importer(815301076,1909f56bfc062723c751e8b465ee728b)
Start importing Assets/Scenes/Materials/Grass.mat using Guid(d069dd4398675764291f9c82e7286e14) Importer(815301076,1909f56bfc062723c751e8b465ee728b)  -> (artifact id: 'eba5e5b4c1fc82d8d37f376a4d3ed20a') in 0.013968 seconds 
========================================================================
Received Import Request.
  Time since last request: 0.000328 seconds.
  path: Assets/Scenes/Materials/World.mat
  artifactKey: Guid(efdaf9d7b48fb6549890bdc56199eef1) Importer(815301076,1909f56bfc062723c751e8b465ee728b)
Start importing Assets/Scenes/Materials/World.mat using Guid(efdaf9d7b48fb6549890bdc56199eef1) Importer(815301076,1909f56bfc062723c751e8b465ee728b)  -> (artifact id: 'a84a5a922bf54268b6b50d133aa68efb') in 0.014921 seconds 
========================================================================
Received Import Request.
  Time since last request: 16.509446 seconds.
  path: Assets/Scripts/HighscoreController.cs
  artifactKey: Guid(717a8b216223881408d853a34b5d7c65) Importer(815301076,1909f56bfc062723c751e8b465ee728b)
Start importing Assets/Scripts/HighscoreController.cs using Guid(717a8b216223881408d853a34b5d7c65) Importer(815301076,1909f56bfc062723c751e8b465ee728b)  -> (artifact id: 'bf456c28e85acfb13183499198dd9ee5') in 0.010033 seconds 
========================================================================
Received Import Request.
  Time since last request: 5.382002 seconds.
  path: Assets/Scripts/LapRing.cs
  artifactKey: Guid(3a0058765a6c5b041833fe1cbf548700) Importer(815301076,1909f56bfc062723c751e8b465ee728b)
Start importing Assets/Scripts/LapRing.cs using Guid(3a0058765a6c5b041833fe1cbf548700) Importer(815301076,1909f56bfc062723c751e8b465ee728b)  -> (artifact id: '0be5f1932842eb152be4185f84688409') in 0.008594 seconds 
========================================================================
Received Import Request.
  Time since last request: 2.032551 seconds.
  path: Assets/Scripts/LapsManager.cs
  artifactKey: Guid(ea648163d5003954e8f61854407f06fa) Importer(815301076,1909f56bfc062723c751e8b465ee728b)
Start importing Assets/Scripts/LapsManager.cs using Guid(ea648163d5003954e8f61854407f06fa) Importer(815301076,1909f56bfc062723c751e8b465ee728b)  -> (artifact id: '9d0d0894a220ce5dabb204f437487adc') in 0.007375 seconds 
========================================================================
Received Import Request.
  Time since last request: 1.619605 seconds.
  path: Assets/Scripts/MenuController.cs
  artifactKey: Guid(c5f64c8034cd7054d9f4a2d13bc7b703) Importer(815301076,1909f56bfc062723c751e8b465ee728b)
Start importing Assets/Scripts/MenuController.cs using Guid(c5f64c8034cd7054d9f4a2d13bc7b703) Importer(815301076,1909f56bfc062723c751e8b465ee728b)  -> (artifact id: '00d554392682e7c86ece9539999fed2a') in 0.008119 seconds 
========================================================================
Received Import Request.
  Time since last request: 1.382865 seconds.
  path: Assets/Scripts/MenuSelection.cs
  artifactKey: Guid(8b3b6bfc6b5309c428e607b012651d43) Importer(815301076,1909f56bfc062723c751e8b465ee728b)
Start importing Assets/Scripts/MenuSelection.cs using Guid(8b3b6bfc6b5309c428e607b012651d43) Importer(815301076,1909f56bfc062723c751e8b465ee728b)  -> (artifact id: 'd8e822ba414fa1915e98b0c88b34f9ad') in 0.007034 seconds 
========================================================================
Received Import Request.
  Time since last request: 0.872460 seconds.
  path: Assets/Scripts/MinimapController.cs
  artifactKey: Guid(20f7d7f789208924f9402f4e1fee6205) Importer(815301076,1909f56bfc062723c751e8b465ee728b)
Start importing Assets/Scripts/MinimapController.cs using Guid(20f7d7f789208924f9402f4e1fee6205) Importer(815301076,1909f56bfc062723c751e8b465ee728b)  -> (artifact id: '00c796a2427576560ff9f353574b8737') in 0.008089 seconds 
========================================================================
Received Import Request.
  Time since last request: 0.711375 seconds.
  path: Assets/Scripts/MinimapFollowCar.cs
  artifactKey: Guid(0dc4d60fb7bc9d0468c070f30340d158) Importer(815301076,1909f56bfc062723c751e8b465ee728b)
Start importing Assets/Scripts/MinimapFollowCar.cs using Guid(0dc4d60fb7bc9d0468c070f30340d158) Importer(815301076,1909f56bfc062723c751e8b465ee728b)  -> (artifact id: 'e54a9f0bc7fd581afc70253e8bab3277') in 0.008882 seconds 
========================================================================
Received Import Request.
  Time since last request: 0.633568 seconds.
  path: Assets/Scripts/PauseMenu.cs
  artifactKey: Guid(1f40bdac6ff72354c83b1c50a882c576) Importer(815301076,1909f56bfc062723c751e8b465ee728b)
Start importing Assets/Scripts/PauseMenu.cs using Guid(1f40bdac6ff72354c83b1c50a882c576) Importer(815301076,1909f56bfc062723c751e8b465ee728b)  -> (artifact id: '6d0b6645a299fcfe4b39756192f37330') in 0.007847 seconds 
========================================================================
Received Import Request.
  Time since last request: 0.649231 seconds.
  path: Assets/Scripts/PlayerCamera.cs
  artifactKey: Guid(214b8faef56826346a0c0e4d37e092d0) Importer(815301076,1909f56bfc062723c751e8b465ee728b)
Start importing Assets/Scripts/PlayerCamera.cs using Guid(214b8faef56826346a0c0e4d37e092d0) Importer(815301076,1909f56bfc062723c751e8b465ee728b)  -> (artifact id: '0fa3d934536edc4d03f513561cc99861') in 0.007040 seconds 
========================================================================
Received Import Request.
  Time since last request: 0.677399 seconds.
  path: Assets/Scripts/TimePopup.cs
  artifactKey: Guid(e08affff89fd2254796d2de67dbe7570) Importer(815301076,1909f56bfc062723c751e8b465ee728b)
Start importing Assets/Scripts/TimePopup.cs using Guid(e08affff89fd2254796d2de67dbe7570) Importer(815301076,1909f56bfc062723c751e8b465ee728b)  -> (artifact id: '0b6d254298fa460981c8c52cfc797803') in 0.008369 seconds 
========================================================================
Received Import Request.
  Time since last request: 0.604532 seconds.
  path: Assets/Scripts/UIManager.cs
  artifactKey: Guid(71cfc795cb47a4a4c9e00908c4105060) Importer(815301076,1909f56bfc062723c751e8b465ee728b)
Start importing Assets/Scripts/UIManager.cs using Guid(71cfc795cb47a4a4c9e00908c4105060) Importer(815301076,1909f56bfc062723c751e8b465ee728b)  -> (artifact id: '3c60f9b55db24f25511e5bd3cd3e606c') in 0.007370 seconds 
========================================================================
Received Import Request.
  Time since last request: 0.547425 seconds.
  path: Assets/Scripts/Utils.cs
  artifactKey: Guid(01a3e2aee80d1014188de1cc7a05f28e) Importer(815301076,1909f56bfc062723c751e8b465ee728b)
Start importing Assets/Scripts/Utils.cs using Guid(01a3e2aee80d1014188de1cc7a05f28e) Importer(815301076,1909f56bfc062723c751e8b465ee728b)  -> (artifact id: '6958bc12ecc90beefa5538b0b9815d43') in 0.009246 seconds 
========================================================================
Received Import Request.
  Time since last request: 2.370250 seconds.
  path: Assets/Scenes/Landscape/Houses.001.dae
  artifactKey: Guid(5040aa18d61033e489ea9265c4f2cca4) Importer(815301076,1909f56bfc062723c751e8b465ee728b)
Start importing Assets/Scenes/Landscape/Houses.001.dae using Guid(5040aa18d61033e489ea9265c4f2cca4) Importer(815301076,1909f56bfc062723c751e8b465ee728b)  -> (artifact id: '9116d5c751f2b8f05d37bf617cc8fde3') in 0.259256 seconds 
========================================================================
Received Import Request.
  Time since last request: 0.000317 seconds.
  path: Assets/Scenes/Landscape/Houses.003.dae
  artifactKey: Guid(b2458df65032dda41b5421b69f657d9a) Importer(815301076,1909f56bfc062723c751e8b465ee728b)
Start importing Assets/Scenes/Landscape/Houses.003.dae using Guid(b2458df65032dda41b5421b69f657d9a) Importer(815301076,1909f56bfc062723c751e8b465ee728b)  -> (artifact id: 'e27197372746bc6766713061ef4b926f') in 0.021562 seconds 
========================================================================
Received Import Request.
  Time since last request: 0.000406 seconds.
  path: Assets/Scenes/Landscape/Houses.012.dae
  artifactKey: Guid(51f7d944b367bb94abd599e0af5cf265) Importer(815301076,1909f56bfc062723c751e8b465ee728b)
Start importing Assets/Scenes/Landscape/Houses.012.dae using Guid(51f7d944b367bb94abd599e0af5cf265) Importer(815301076,1909f56bfc062723c751e8b465ee728b)  -> (artifact id: 'a7a6a855eaffb42b9aa06088f92e4e68') in 0.024022 seconds 
========================================================================
Received Import Request.
  Time since last request: 0.000367 seconds.
  path: Assets/Scenes/Landscape/Houses.006.dae
  artifactKey: Guid(f366ec1535b72a841ac031961d69f6e6) Importer(815301076,1909f56bfc062723c751e8b465ee728b)
Start importing Assets/Scenes/Landscape/Houses.006.dae using Guid(f366ec1535b72a841ac031961d69f6e6) Importer(815301076,1909f56bfc062723c751e8b465ee728b)  -> (artifact id: 'ec4d77057b89bb47e0eaba17dc09f654') in 0.021774 seconds 
========================================================================
Received Import Request.
  Time since last request: 0.000397 seconds.
  path: Assets/Scenes/Landscape/Houses.011.dae
  artifactKey: Guid(f24e9cf354f004442b97cffbb3bbd911) Importer(815301076,1909f56bfc062723c751e8b465ee728b)
Start importing Assets/Scenes/Landscape/Houses.011.dae using Guid(f24e9cf354f004442b97cffbb3bbd911) Importer(815301076,1909f56bfc062723c751e8b465ee728b)  -> (artifact id: '6b4d4d597818e799648dbac6b2901221') in 0.024183 seconds 
========================================================================
Received Import Request.
  Time since last request: 0.000488 seconds.
  path: Assets/Scenes/Landscape/Houses.008.dae
  artifactKey: Guid(2296d07369e67c646b2d0d7f242d8449) Importer(815301076,1909f56bfc062723c751e8b465ee728b)
Start importing Assets/Scenes/Landscape/Houses.008.dae using Guid(2296d07369e67c646b2d0d7f242d8449) Importer(815301076,1909f56bfc062723c751e8b465ee728b)  -> (artifact id: '8dbb5c30fea0f35ad99aeea7cce26950') in 0.023365 seconds 
========================================================================
Received Import Request.
  Time since last request: 0.000375 seconds.
  path: Assets/Scenes/Landscape/Houses.004.dae
  artifactKey: Guid(f9b12965751b78e4d807b064d0420bb9) Importer(815301076,1909f56bfc062723c751e8b465ee728b)
Start importing Assets/Scenes/Landscape/Houses.004.dae using Guid(f9b12965751b78e4d807b064d0420bb9) Importer(815301076,1909f56bfc062723c751e8b465ee728b)  -> (artifact id: '1156c5d69c053ae7677c26d7a25bc62a') in 0.023061 seconds 
========================================================================
Received Import Request.
  Time since last request: 0.000364 seconds.
  path: Assets/Scenes/Landscape/Houses.013.dae
  artifactKey: Guid(facee1ea21c798142b0bbba6183d9d69) Importer(815301076,1909f56bfc062723c751e8b465ee728b)
Start importing Assets/Scenes/Landscape/Houses.013.dae using Guid(facee1ea21c798142b0bbba6183d9d69) Importer(815301076,1909f56bfc062723c751e8b465ee728b)  -> (artifact id: 'eeb2ffe844d41788c3910fe30f8573e9') in 0.022384 seconds 
========================================================================
Received Import Request.
  Time since last request: 0.000321 seconds.
  path: Assets/Scenes/Landscape/Houses.002.dae
  artifactKey: Guid(e9374469e886d8649b6b92c468834057) Importer(815301076,1909f56bfc062723c751e8b465ee728b)
Start importing Assets/Scenes/Landscape/Houses.002.dae using Guid(e9374469e886d8649b6b92c468834057) Importer(815301076,1909f56bfc062723c751e8b465ee728b)  -> (artifact id: '6309d334a801f252870c62038177e214') in 0.022916 seconds 
========================================================================
Received Import Request.
  Time since last request: 0.000313 seconds.
  path: Assets/Scenes/Landscape/Mountain.dae
  artifactKey: Guid(f494957cbd9ff2b498af112b5c3ea4d8) Importer(815301076,1909f56bfc062723c751e8b465ee728b)
Start importing Assets/Scenes/Landscape/Mountain.dae using Guid(f494957cbd9ff2b498af112b5c3ea4d8) Importer(815301076,1909f56bfc062723c751e8b465ee728b)  -> (artifact id: 'fe406138965457a66456d265498597cf') in 0.025557 seconds 
========================================================================
Received Import Request.
  Time since last request: 0.000388 seconds.
  path: Assets/Scenes/Landscape/Houses.009.dae
  artifactKey: Guid(46908de83c0ca15498206df2dc007ea0) Importer(815301076,1909f56bfc062723c751e8b465ee728b)
Start importing Assets/Scenes/Landscape/Houses.009.dae using Guid(46908de83c0ca15498206df2dc007ea0) Importer(815301076,1909f56bfc062723c751e8b465ee728b)  -> (artifact id: '488a5e10df801a3c0ae625dc0ffa74ce') in 0.023354 seconds 
========================================================================
Received Import Request.
  Time since last request: 0.000617 seconds.
  path: Assets/Scenes/Landscape/Houses.005.dae
  artifactKey: Guid(9cc9d043ba5c64744aef14901c30eaca) Importer(815301076,1909f56bfc062723c751e8b465ee728b)
Start importing Assets/Scenes/Landscape/Houses.005.dae using Guid(9cc9d043ba5c64744aef14901c30eaca) Importer(815301076,1909f56bfc062723c751e8b465ee728b)  -> (artifact id: '52fd1d67714767e79148a4c1345354a0') in 0.022226 seconds 
========================================================================
Received Import Request.
  Time since last request: 0.000405 seconds.
  path: Assets/Scenes/Landscape/Houses.010.dae
  artifactKey: Guid(960597deba6aae644952d370b3c462a6) Importer(815301076,1909f56bfc062723c751e8b465ee728b)
Start importing Assets/Scenes/Landscape/Houses.010.dae using Guid(960597deba6aae644952d370b3c462a6) Importer(815301076,1909f56bfc062723c751e8b465ee728b)  -> (artifact id: '69bc2c1ff449a3dc54d8cf7eac9233aa') in 0.021292 seconds 
========================================================================
Received Import Request.
  Time since last request: 0.000565 seconds.
  path: Assets/Scenes/Landscape/Houses.007.dae
  artifactKey: Guid(3e00f6b092fa0844290d6e031b6aa3db) Importer(815301076,1909f56bfc062723c751e8b465ee728b)
Start importing Assets/Scenes/Landscape/Houses.007.dae using Guid(3e00f6b092fa0844290d6e031b6aa3db) Importer(815301076,1909f56bfc062723c751e8b465ee728b)  -> (artifact id: '611481add031f1ddce5d26a2406f8dbc') in 0.020985 seconds 
========================================================================
Received Prepare
Registering precompiled user dll's ...
Registered in 0.002617 seconds.
Begin MonoManager ReloadAssembly
Native extension for WindowsStandalone target not found
Native extension for WebGL target not found
Refreshing native plugins compatible for Editor in 0.53 ms, found 3 plugins.
Preloading 0 native plugins for Editor in 0.00 ms.
Mono: successfully reloaded assembly
- Completed reload, in  1.116 seconds
Domain Reload Profiling:
	ReloadAssembly (1116ms)
		BeginReloadAssembly (131ms)
			ExecutionOrderSort (0ms)
			DisableScriptedObjects (7ms)
			BackupInstance (0ms)
			ReleaseScriptingObjects (0ms)
			CreateAndSetChildDomain (39ms)
		EndReloadAssembly (928ms)
			LoadAssemblies (93ms)
			RebuildTransferFunctionScriptingTraits (0ms)
			SetupTypeCache (342ms)
			ReleaseScriptCaches (1ms)
			RebuildScriptCaches (43ms)
			SetupLoadedEditorAssemblies (324ms)
				LogAssemblyErrors (0ms)
				InitializePlatformSupportModulesInManaged (5ms)
				SetLoadedEditorAssemblies (1ms)
				RefreshPlugins (1ms)
				BeforeProcessingInitializeOnLoad (61ms)
				ProcessInitializeOnLoadAttributes (237ms)
				ProcessInitializeOnLoadMethodAttributes (14ms)
				AfterProcessingInitializeOnLoad (6ms)
				EditorAssembliesLoaded (0ms)
			ExecutionOrderSort2 (0ms)
			AwakeInstancesAfterBackupRestoration (12ms)
Platform modules already initialized, skipping
Refreshing native plugins compatible for Editor in 0.82 ms, found 3 plugins.
Preloading 0 native plugins for Editor in 0.00 ms.
Unloading 2809 Unused Serialized files (Serialized files now loaded: 0)
System memory in use before: 130.0 MB.
System memory in use after: 130.2 MB.

Unloading 16 unused Assets to reduce memory usage. Loaded Objects now: 3453.
Total: 3.179100 ms (FindLiveObjects: 0.237900 ms CreateObjectMapping: 0.119600 ms MarkObjects: 2.796900 ms  DeleteObjects: 0.023700 ms)

AssetImportParameters requested are different than current active one (requested -> active):
  custom:framework-win-MediaFoundation: 216162199b28c13a410421893ffa2e32 -> 
  custom:video-decoder-ogg-theora: a1e56fd34408186e4bbccfd4996cb3dc -> 
  custom:container-muxer-webm: aa71ff27fc2769a1b78a27578f13a17b -> 
  custom:container-demuxer-webm: 4f35f7cbe854078d1ac9338744f61a02 -> 
  custom:container-demuxer-ogg: 62fdf1f143b41e24485cea50d1cbac27 -> 
  custom:video-encoder-webm-vp8: eb34c28f22e8b96e1ab97ce403110664 -> 
  custom:video-codec-MediaFoundation-h265: 746d11721c4dcdbdad8f713fa42b33f4 -> 
  custom:video-decoder-webm-vp8: 9c59270c3fd7afecdb556c50c9e8de78 -> 
  custom:audio-decoder-ogg-vorbis: bf7c407c2cedff20999df2af8eb42d56 -> 
  custom:audio-encoder-webm-vorbis: bf7c407c2cedff20999df2af8eb42d56 -> 
========================================================================
Received Prepare
Refreshing native plugins compatible for Editor in 3.91 ms, found 3 plugins.
Preloading 0 native plugins for Editor in 0.00 ms.
Unloading 14 Unused Serialized files (Serialized files now loaded: 0)
System memory in use before: 74.5 MB.
System memory in use after: 74.8 MB.

Unloading 14 unused Assets to reduce memory usage. Loaded Objects now: 3453.
Total: 3.875900 ms (FindLiveObjects: 0.355400 ms CreateObjectMapping: 0.244200 ms MarkObjects: 3.240400 ms  DeleteObjects: 0.034600 ms)

AssetImportParameters requested are different than current active one (requested -> active):
  custom:framework-win-MediaFoundation: 216162199b28c13a410421893ffa2e32 -> 
  custom:video-decoder-ogg-theora: a1e56fd34408186e4bbccfd4996cb3dc -> 
  custom:container-muxer-webm: aa71ff27fc2769a1b78a27578f13a17b -> 
  custom:container-demuxer-webm: 4f35f7cbe854078d1ac9338744f61a02 -> 
  custom:container-demuxer-ogg: 62fdf1f143b41e24485cea50d1cbac27 -> 
  custom:video-encoder-webm-vp8: eb34c28f22e8b96e1ab97ce403110664 -> 
  custom:video-codec-MediaFoundation-h265: 746d11721c4dcdbdad8f713fa42b33f4 -> 
  custom:video-decoder-webm-vp8: 9c59270c3fd7afecdb556c50c9e8de78 -> 
  custom:audio-decoder-ogg-vorbis: bf7c407c2cedff20999df2af8eb42d56 -> 
  custom:audio-encoder-webm-vorbis: bf7c407c2cedff20999df2af8eb42d56 -> 
========================================================================
Received Import Request.
  Time since last request: 695.630540 seconds.
  path: Assets/BrokenVector
  artifactKey: Guid(e02a6d90c3b7016489198e01ffcd95e2) Importer(815301076,1909f56bfc062723c751e8b465ee728b)
Start importing Assets/BrokenVector using Guid(e02a6d90c3b7016489198e01ffcd95e2) Importer(815301076,1909f56bfc062723c751e8b465ee728b)  -> (artifact id: 'ab314af9ac6258c2f6dce1c6ff9c5aa1') in 0.011910 seconds 
========================================================================
Received Import Request.
  Time since last request: 1.555655 seconds.
  path: Assets/BrokenVector/LowPolyRoadPack
  artifactKey: Guid(e7936b04baec8e74a8c44bdfaa78534f) Importer(815301076,1909f56bfc062723c751e8b465ee728b)
Start importing Assets/BrokenVector/LowPolyRoadPack using Guid(e7936b04baec8e74a8c44bdfaa78534f) Importer(815301076,1909f56bfc062723c751e8b465ee728b)  -> (artifact id: 'c09f6f8b3c7132de1a63b532e5ce8b30') in 0.009358 seconds 
========================================================================
Received Import Request.
  Time since last request: 3.404513 seconds.
  path: Assets/Scenes
  artifactKey: Guid(23a4268e13720c14ea662c581ec42b05) Importer(815301076,1909f56bfc062723c751e8b465ee728b)
Start importing Assets/Scenes using Guid(23a4268e13720c14ea662c581ec42b05) Importer(815301076,1909f56bfc062723c751e8b465ee728b)  -> (artifact id: '912fa81fc41d1827b273005a21cce9cc') in 0.009052 seconds 
========================================================================
Received Prepare
Refreshing native plugins compatible for Editor in 3.00 ms, found 3 plugins.
Preloading 0 native plugins for Editor in 0.00 ms.
Unloading 14 Unused Serialized files (Serialized files now loaded: 0)
System memory in use before: 74.6 MB.
System memory in use after: 74.8 MB.

Unloading 14 unused Assets to reduce memory usage. Loaded Objects now: 3453.
Total: 3.763300 ms (FindLiveObjects: 0.304200 ms CreateObjectMapping: 0.201300 ms MarkObjects: 3.236500 ms  DeleteObjects: 0.020200 ms)

AssetImportParameters requested are different than current active one (requested -> active):
  custom:framework-win-MediaFoundation: 216162199b28c13a410421893ffa2e32 -> 
  custom:video-decoder-ogg-theora: a1e56fd34408186e4bbccfd4996cb3dc -> 
  custom:container-muxer-webm: aa71ff27fc2769a1b78a27578f13a17b -> 
  custom:container-demuxer-webm: 4f35f7cbe854078d1ac9338744f61a02 -> 
  custom:container-demuxer-ogg: 62fdf1f143b41e24485cea50d1cbac27 -> 
  custom:video-encoder-webm-vp8: eb34c28f22e8b96e1ab97ce403110664 -> 
  custom:video-codec-MediaFoundation-h265: 746d11721c4dcdbdad8f713fa42b33f4 -> 
  custom:video-decoder-webm-vp8: 9c59270c3fd7afecdb556c50c9e8de78 -> 
  custom:audio-decoder-ogg-vorbis: bf7c407c2cedff20999df2af8eb42d56 -> 
  custom:audio-encoder-webm-vorbis: bf7c407c2cedff20999df2af8eb42d56 -> 
AssetImportWorkerClient::OnTransportError - code=2 error=End of file
